
 Ansys Mechanical Enterprise Academic Student      

 ANSYS LICENSE MANAGER ERROR:
 Insufficient FlexNet Publisher (FNP) license count of HPC Parallel are available for use, only 4 of the requested 14 tasks were available after using the 4 cores included with feature ansys.

 *** ERROR - Insufficient HPC licenses available.
whybad=       -1079

+--------------------- M A P D L   S T A T I S T I C S ------------------------+

Release: 2025 R2            Build: 25.2       Update: UP20250519   Platform: WINDOWS x64 
Date Run: 10/01/2025   Time: 10:50     Process ID: 14500
Operating System: Windows 10  (Build: 19045)

Processor Model: Intel(R) Core(TM) i9-9940X CPU @ 3.30GHz

Compiler: Intel(R) Fortran Compiler Classic Version 2021.9  (Build: 20230302)
          Intel(R) C/C++ Compiler Classic Version 2021.9  (Build: 20230302)
          Intel(R) oneAPI Math Kernel Library Version 2024.2.3-Product Build 20250403

Number of machines requested            :    1
Total number of cores available         :   28
Number of physical cores available      :   14
Number of processes requested           :   14
Number of threads per process requested :    1
Total number of cores requested         :   14 (Distributed Memory Parallel)               
MPI Type: INTELMPI
MPI Version: Intel(R) MPI Library 2021.14 for Windows* OS


GPU Acceleration: Not Requested

Job Name: file0

  Core                Machine Name   Working Directory
 -----------------------------------------------------
     0             DESKTOP-29SD2TG   C:\Users\YHD\AppData\Local\Temp\WB_YHD_21312_2\_ProjectScratch\ScrE234
     1             DESKTOP-29SD2TG   C:\Users\YHD\AppData\Local\Temp\WB_YHD_21312_2\_ProjectScratch\ScrE234
     2             DESKTOP-29SD2TG   C:\Users\YHD\AppData\Local\Temp\WB_YHD_21312_2\_ProjectScratch\ScrE234
     3             DESKTOP-29SD2TG   C:\Users\YHD\AppData\Local\Temp\WB_YHD_21312_2\_ProjectScratch\ScrE234
     4             DESKTOP-29SD2TG   C:\Users\YHD\AppData\Local\Temp\WB_YHD_21312_2\_ProjectScratch\ScrE234
     5             DESKTOP-29SD2TG   C:\Users\YHD\AppData\Local\Temp\WB_YHD_21312_2\_ProjectScratch\ScrE234
     6             DESKTOP-29SD2TG   C:\Users\YHD\AppData\Local\Temp\WB_YHD_21312_2\_ProjectScratch\ScrE234
     7             DESKTOP-29SD2TG   C:\Users\YHD\AppData\Local\Temp\WB_YHD_21312_2\_ProjectScratch\ScrE234
     8             DESKTOP-29SD2TG   C:\Users\YHD\AppData\Local\Temp\WB_YHD_21312_2\_ProjectScratch\ScrE234
     9             DESKTOP-29SD2TG   C:\Users\YHD\AppData\Local\Temp\WB_YHD_21312_2\_ProjectScratch\ScrE234
    10             DESKTOP-29SD2TG   C:\Users\YHD\AppData\Local\Temp\WB_YHD_21312_2\_ProjectScratch\ScrE234
    11             DESKTOP-29SD2TG   C:\Users\YHD\AppData\Local\Temp\WB_YHD_21312_2\_ProjectScratch\ScrE234
    12             DESKTOP-29SD2TG   C:\Users\YHD\AppData\Local\Temp\WB_YHD_21312_2\_ProjectScratch\ScrE234
    13             DESKTOP-29SD2TG   C:\Users\YHD\AppData\Local\Temp\WB_YHD_21312_2\_ProjectScratch\ScrE234
 
 

Total CPU time for main thread                    :        0.4 seconds
Total CPU time summed for all threads             :        0.2 seconds

Elapsed time spent obtaining a license            :        0.5 seconds
Elapsed time spent pre-processing model (/PREP7)  :        0.0 seconds
Elapsed time spent solution - preprocessing       :        0.0 seconds
Elapsed time spent computing solution             :        0.0 seconds
Elapsed time spent solution - postprocessing      :        0.0 seconds
Elapsed time spent post-processing model (/POST1) :        0.0 seconds
 

Sum of disk space used on all processes           :        0.0 MB

Sum of memory used on all processes               :       28.0 MB
Sum of memory allocated on all processes          :        0.0 MB
Physical memory available                         :        128 GB
Total amount of I/O written to disk               :        0.0 GB
Total amount of I/O read from disk                :        0.0 GB

+------------------ E N D   M A P D L   S T A T I S T I C S -------------------+


 *-----------------------------------------------------------------------------*
 |                                                                             |
 |                               RUN COMPLETED                                 |
 |                                                                             |
 |-----------------------------------------------------------------------------|
 |                                                                             |
 |  Ansys MAPDL 2025 R2         Build 25.2         UP20250519    WINDOWS x64   |
 |                                                                             |
 |-----------------------------------------------------------------------------|
 |                                                                             |
 |  Database Requested(-db)     1024 MB     Scratch Memory Requested      0 MB |
 |  Max Database Used(Master)      1 MB     Max Scratch Used(Master)      1 MB |
 |  Max Database Used(Workers)     1 MB     Max Scratch Used(Workers)     1 MB |
 |  Sum Database Used(All)        14 MB     Sum Scratch Used(All)        14 MB |
 |                                                                             |
 |-----------------------------------------------------------------------------|
 |                                                                             |
 |        CP Time      (sec) =          0.188       Time  =  10:50:05          |
 |        Elapsed Time (sec) =         16.000       Date  =  10/01/2025        |
 |                                                                             |
 *-----------------------------------------------------------------------------*
